<?xml version="1.0" encoding="UTF-8"?>
<!-- Generated by org.testng.reporters.JUnitXMLReporter -->
<testsuite ignored="0" hostname="L-6782" failures="0" tests="4" name="Test" time="36.85" errors="0" timestamp="2020-07-10T14:16:34 IST">
  <testcase classname="E2Eprojects.Homepage" name="basepagenavigation" time="7.896"/>
  <testcase classname="E2Eprojects.Homepage" name="basepagenavigation" time="4.395"/>
  <testcase classname="E2Eprojects.Validatenavigationbar" name="basepagenavigation" time="0.212"/>
  <testcase classname="E2Eprojects.ValidateHomepage" name="basepagenavigation" time="0.069"/>
</testsuite> <!-- Test -->
