<?xml version="1.0" encoding="UTF-8"?>
<!-- Generated by org.testng.reporters.JUnitXMLReporter -->
<testsuite ignored="0" hostname="L-6782" failures="0" tests="4" name="validate message" time="43.445" errors="0" timestamp="2020-07-10T17:57:24 IST">
  <testcase classname="E2Eprojects.ValidateHomepage" name="basepagenavigation" time="2.962"/>
  <testcase classname="E2Eprojects.Validatenavigationbar" name="basepagenavigation" time="2.212"/>
  <testcase classname="E2Eprojects.Homepage" name="basepagenavigation" time="25.324"/>
  <testcase classname="E2Eprojects.Homepage" name="basepagenavigation" time="4.235"/>
</testsuite> <!-- validate message -->
