<?xml version="1.0" encoding="UTF-8"?>
<!-- Generated by org.testng.reporters.JUnitXMLReporter -->
<testsuite ignored="0" hostname="L-6782" failures="1" tests="4" name="validate title" time="31.567" errors="0" timestamp="2020-07-18T16:02:10 IST">
  <testcase classname="E2Eprojects.Validatenavigationbar" name="navigation" time="1.378"/>
  <testcase classname="E2Eprojects.ValidateHomepage" name="validatetitle" time="0.777">
    <failure type="java.lang.AssertionError" message="expected [FEATURED COURSES123] but found [FEATURED COURSES]">
      <![CDATA[java.lang.AssertionError: expected [FEATURED COURSES123] but found [FEATURED COURSES]
at E2Eprojects.ValidateHomepage.validatetitle(ValidateHomepage.java:37)
at java.base/java.util.ArrayList.forEach(ArrayList.java:1507)
at java.base/java.util.concurrent.FutureTask.run(FutureTask.java:264)
at java.base/java.util.concurrent.ThreadPoolExecutor.runWorker(ThreadPoolExecutor.java:1128)
at java.base/java.util.concurrent.ThreadPoolExecutor$Worker.run(ThreadPoolExecutor.java:628)
at java.base/java.lang.Thread.run(Thread.java:830)
... Removed 23 stack frames]]>
    </failure>
  </testcase> <!-- validatetitle -->
  <testcase classname="E2Eprojects.Homepage" name="userlogin" time="16.867"/>
  <testcase classname="E2Eprojects.Homepage" name="userlogin" time="4.973"/>
</testsuite> <!-- validate title -->
