-------------------------------------------------------------------------------
Test set: TestSuite
-------------------------------------------------------------------------------
Tests run: 4, Failures: 1, Errors: 0, Skipped: 0, Time elapsed: 38.65 s <<< FAILURE! - in TestSuite
E2Eprojects.ValidateHomepage.validatetitle  Time elapsed: 0.786 s  <<< FAILURE!
java.lang.AssertionError: expected [FEATURED COURSES123] but found [FEATURED COURSES]
	at E2Eprojects.ValidateHomepage.validatetitle(ValidateHomepage.java:37)

